This is pdfTeX, Version 3.1415926-2.4-1.40.13 (TeX Live 2012/Debian) (format=latex 2014.9.24)  2 OCT 2015 18:59
entering extended mode
 restricted \write18 enabled.
 %&-line parsing enabled.
**description.tex
(./description.tex
LaTeX2e <2011/06/27>
Babel <v3.8m> and hyphenation patterns for english, dumylang, nohyphenation, mo
nogreek, greek, ibycus, ancientgreek, loaded.
(/usr/share/texlive/texmf-dist/tex/latex/base/article.cls
Document Class: article 2007/10/19 v1.4h Standard LaTeX document class
(/usr/share/texlive/texmf-dist/tex/latex/base/size12.clo
File: size12.clo 2007/10/19 v1.4h Standard LaTeX file (size option)
)
\c@part=\count79
\c@section=\count80
\c@subsection=\count81
\c@subsubsection=\count82
\c@paragraph=\count83
\c@subparagraph=\count84
\c@figure=\count85
\c@table=\count86
\abovecaptionskip=\skip41
\belowcaptionskip=\skip42
\bibindent=\dimen102
)
(/usr/share/texlive/texmf-dist/tex/latex/graphics/graphicx.sty
Package: graphicx 1999/02/16 v1.0f Enhanced LaTeX Graphics (DPC,SPQR)

(/usr/share/texlive/texmf-dist/tex/latex/graphics/keyval.sty
Package: keyval 1999/03/16 v1.13 key=value parser (DPC)
\KV@toks@=\toks14
)
(/usr/share/texlive/texmf-dist/tex/latex/graphics/graphics.sty
Package: graphics 2009/02/05 v1.0o Standard LaTeX Graphics (DPC,SPQR)

(/usr/share/texlive/texmf-dist/tex/latex/graphics/trig.sty
Package: trig 1999/03/16 v1.09 sin cos tan (DPC)
)
(/usr/share/texlive/texmf-dist/tex/latex/latexconfig/graphics.cfg
File: graphics.cfg 2010/04/23 v1.9 graphics configuration of TeX Live
)
Package graphics Info: Driver file: dvips.def on input line 91.

(/usr/share/texlive/texmf-dist/tex/latex/graphics/dvips.def
File: dvips.def 1999/02/16 v3.0i Driver-dependant file (DPC,SPQR)
))
\Gin@req@height=\dimen103
\Gin@req@width=\dimen104
)
(/usr/share/texlive/texmf-dist/tex/latex/amsmath/amsmath.sty
Package: amsmath 2000/07/18 v2.13 AMS math features
\@mathmargin=\skip43

For additional information on amsmath, use the `?' option.
(/usr/share/texlive/texmf-dist/tex/latex/amsmath/amstext.sty
Package: amstext 2000/06/29 v2.01

(/usr/share/texlive/texmf-dist/tex/latex/amsmath/amsgen.sty
File: amsgen.sty 1999/11/30 v2.0
\@emptytoks=\toks15
\ex@=\dimen105
))
(/usr/share/texlive/texmf-dist/tex/latex/amsmath/amsbsy.sty
Package: amsbsy 1999/11/29 v1.2d
\pmbraise@=\dimen106
)
(/usr/share/texlive/texmf-dist/tex/latex/amsmath/amsopn.sty
Package: amsopn 1999/12/14 v2.01 operator names
)
\inf@bad=\count87
LaTeX Info: Redefining \frac on input line 211.
\uproot@=\count88
\leftroot@=\count89
LaTeX Info: Redefining \overline on input line 307.
\classnum@=\count90
\DOTSCASE@=\count91
LaTeX Info: Redefining \ldots on input line 379.
LaTeX Info: Redefining \dots on input line 382.
LaTeX Info: Redefining \cdots on input line 467.
\Mathstrutbox@=\box26
\strutbox@=\box27
\big@size=\dimen107
LaTeX Font Info:    Redeclaring font encoding OML on input line 567.
LaTeX Font Info:    Redeclaring font encoding OMS on input line 568.
\macc@depth=\count92
\c@MaxMatrixCols=\count93
\dotsspace@=\muskip10
\c@parentequation=\count94
\dspbrk@lvl=\count95
\tag@help=\toks16
\row@=\count96
\column@=\count97
\maxfields@=\count98
\andhelp@=\toks17
\eqnshift@=\dimen108
\alignsep@=\dimen109
\tagshift@=\dimen110
\tagwidth@=\dimen111
\totwidth@=\dimen112
\lineht@=\dimen113
\@envbody=\toks18
\multlinegap=\skip44
\multlinetaggap=\skip45
\mathdisplay@stack=\toks19
LaTeX Info: Redefining \[ on input line 2666.
LaTeX Info: Redefining \] on input line 2667.
)
(/usr/share/texlive/texmf-dist/tex/latex/amsfonts/amssymb.sty
Package: amssymb 2009/06/22 v3.00

(/usr/share/texlive/texmf-dist/tex/latex/amsfonts/amsfonts.sty
Package: amsfonts 2009/06/22 v3.00 Basic AMSFonts support
\symAMSa=\mathgroup4
\symAMSb=\mathgroup5
LaTeX Font Info:    Overwriting math alphabet `\mathfrak' in version `bold'
(Font)                  U/euf/m/n --> U/euf/b/n on input line 96.
))
(/usr/share/texlive/texmf-dist/tex/latex/multirow/multirow.sty
\bigstrutjot=\dimen114
)
(/usr/share/texlive/texmf-dist/tex/generic/dvips/rotate.sty
\@rotdimen=\dimen115
\@rotbox=\box28
)
(/usr/share/texlive/texmf-dist/tex/latex/graphics/color.sty
Package: color 2005/11/14 v1.0j Standard LaTeX Color (DPC)

(/usr/share/texlive/texmf-dist/tex/latex/latexconfig/color.cfg
File: color.cfg 2007/01/18 v1.5 color configuration of teTeX/TeXLive
)
Package color Info: Driver file: dvips.def on input line 130.

(/usr/share/texlive/texmf-dist/tex/latex/graphics/dvipsnam.def
File: dvipsnam.def 1999/02/16 v3.0i Driver-dependant file (DPC,SPQR)
))
(/usr/share/texlive/texmf-dist/tex/latex/subfigure/subfigure.sty
Package: subfigure 2002/03/15 v2.1.5 subfigure package
\subfigtopskip=\skip46
\subfigcapskip=\skip47
\subfigcaptopadj=\dimen116
\subfigbottomskip=\skip48
\subfigcapmargin=\dimen117
\subfiglabelskip=\skip49
\c@subfigure=\count99
\c@lofdepth=\count100
\c@subtable=\count101
\c@lotdepth=\count102

****************************************
* Local config file subfigure.cfg used *
****************************************
(/usr/share/texlive/texmf-dist/tex/latex/subfigure/subfigure.cfg)
\subfig@top=\skip50
\subfig@bottom=\skip51
)
(/usr/share/texlive/texmf-dist/tex/latex/float/float.sty
Package: float 2001/11/08 v1.3d Float enhancements (AL)
\c@float@type=\count103
\float@exts=\toks20
\float@box=\box29
\@float@everytoks=\toks21
\@floatcapt=\box30
) (./description.aux)
\openout1 = `description.aux'.

LaTeX Font Info:    Checking defaults for OML/cmm/m/it on input line 11.
LaTeX Font Info:    ... okay on input line 11.
LaTeX Font Info:    Checking defaults for T1/cmr/m/n on input line 11.
LaTeX Font Info:    ... okay on input line 11.
LaTeX Font Info:    Checking defaults for OT1/cmr/m/n on input line 11.
LaTeX Font Info:    ... okay on input line 11.
LaTeX Font Info:    Checking defaults for OMS/cmsy/m/n on input line 11.
LaTeX Font Info:    ... okay on input line 11.
LaTeX Font Info:    Checking defaults for OMX/cmex/m/n on input line 11.
LaTeX Font Info:    ... okay on input line 11.
LaTeX Font Info:    Checking defaults for U/cmr/m/n on input line 11.
LaTeX Font Info:    ... okay on input line 11.
LaTeX Font Info:    Try loading font information for U+msa on input line 14.

(/usr/share/texlive/texmf-dist/tex/latex/amsfonts/umsa.fd
File: umsa.fd 2009/06/22 v3.00 AMS symbols A
)
LaTeX Font Info:    Try loading font information for U+msb on input line 14.

(/usr/share/texlive/texmf-dist/tex/latex/amsfonts/umsb.fd
File: umsb.fd 2009/06/22 v3.00 AMS symbols B
) (./description.toc)
\tf@toc=\write3
\openout3 = `description.toc'.


[1

]
Overfull \hbox (0.734pt too wide) in paragraph at lines 35--35
[]\OT1/cmtt/m/n/12 user@msspc08:~/code_description$ ./deposit 0.01 84328 3 1 10
00 1 tmp[] 
 []

[2]
File: parameters.eps Graphic file (type eps)
 <parameters.eps> [3] [4] [5] [6]
Overfull \hbox (36.88768pt too wide) in paragraph at lines 136--137
\OT1/cmr/m/n/12 the pe-ri-odic bound-ary con-di-tions. Sim-i-lar func-tion \OT1
/cmtt/m/n/12 void output(vector<clustertype>&
 []


Overfull \hbox (10.53258pt too wide) in paragraph at lines 140--141
\OT1/cmr/m/n/12 num-bers in the in-ter-val $[\OMS/cmsy/m/n/12 ^^@\OT1/cmr/m/n/1
2 1\OML/cmm/m/it/12 ; \OT1/cmr/m/n/12 1)$. In file "com-mon.cpp" the func-tion 
"rand[]orientation"
 []

[7]
File: grid.eps Graphic file (type eps)
 <grid.eps> [8]
Overfull \hbox (28.1988pt too wide) in paragraph at lines 171--172
[]\OT1/cmr/m/n/12 The class \OT1/cmtt/m/n/12 gradrotattempt \OT1/cmr/m/n/12 con
-tains ad-di-tional in-for-ma-tion com-pared to \OT1/cmtt/m/n/12 rotattempt\OT1
/cmr/m/n/12 ,
 []

[9] [10] [11] [12]
File: drawing_optimization_final_a.eps Graphic file (type eps)
 <drawing_optimization_final_a.eps>
File: drawing_optimization_final_b.eps Graphic file (type eps)

<drawing_optimization_final_b.eps> [13] [14]
File: positive_circle.eps Graphic file (type eps)
 <positive_circle.eps> [15]
Overfull \hbox (3.93997pt too wide) in paragraph at lines 240--241
[]\OT1/cmr/m/n/12 Functions \OT1/cmtt/m/n/12 pcontact2,pdisconnect,tohorizontal
2,tobelow2,toground2 \OT1/cmr/m/n/12 im-
 []

[16] [17] (./description.aux) ) 
Here is how much of TeX's memory you used:
 1888 strings out of 494984
 23387 string characters out of 3180431
 74641 words of memory out of 3000000
 5065 multiletter control sequences out of 15000+200000
 13217 words of font info for 52 fonts, out of 3000000 for 9000
 59 hyphenation exceptions out of 8191
 27i,8n,24p,2307b,300s stack positions out of 5000i,500n,10000p,200000b,50000s

Output written on description.dvi (17 pages, 68064 bytes).
